[Thu Apr 27 21:40:51.088225 2023] [ssl:warn] [pid 24884:tid 352] AH01909: www.example.com:443:0 server certificate does NOT include an ID which matches the server name
[Thu Apr 27 21:40:51.154128 2023] [ssl:warn] [pid 24884:tid 352] AH01909: www.example.com:443:0 server certificate does NOT include an ID which matches the server name
[Thu Apr 27 21:40:51.207160 2023] [mpm_winnt:notice] [pid 24884:tid 352] AH00455: Apache/2.4.56 (Win64) OpenSSL/1.1.1t PHP/8.2.4 configured -- resuming normal operations
[Thu Apr 27 21:40:51.207160 2023] [mpm_winnt:notice] [pid 24884:tid 352] AH00456: Apache Lounge VS16 Server built: Mar  7 2023 13:21:03
[Thu Apr 27 21:40:51.207160 2023] [core:notice] [pid 24884:tid 352] AH00094: Command line: 'C:\\xampp\\apache\\bin\\httpd.exe -d C:/xampp/apache'
[Thu Apr 27 21:40:51.216478 2023] [mpm_winnt:notice] [pid 24884:tid 352] AH00418: Parent: Created child process 25632
[Thu Apr 27 21:40:51.669786 2023] [ssl:warn] [pid 25632:tid 368] AH01909: www.example.com:443:0 server certificate does NOT include an ID which matches the server name
[Thu Apr 27 21:40:51.729276 2023] [ssl:warn] [pid 25632:tid 368] AH01909: www.example.com:443:0 server certificate does NOT include an ID which matches the server name
[Thu Apr 27 21:40:51.771820 2023] [mpm_winnt:notice] [pid 25632:tid 368] AH00354: Child: Starting 150 worker threads.
[Thu Apr 27 21:41:16.915975 2023] [ssl:warn] [pid 14232:tid 364] AH01909: www.example.com:443:0 server certificate does NOT include an ID which matches the server name
[Thu Apr 27 21:41:16.986439 2023] [ssl:warn] [pid 14232:tid 364] AH01909: www.example.com:443:0 server certificate does NOT include an ID which matches the server name
[Thu Apr 27 21:41:17.030084 2023] [mpm_winnt:notice] [pid 14232:tid 364] AH00455: Apache/2.4.56 (Win64) OpenSSL/1.1.1t PHP/8.2.4 configured -- resuming normal operations
[Thu Apr 27 21:41:17.030084 2023] [mpm_winnt:notice] [pid 14232:tid 364] AH00456: Apache Lounge VS16 Server built: Mar  7 2023 13:21:03
[Thu Apr 27 21:41:17.030084 2023] [core:notice] [pid 14232:tid 364] AH00094: Command line: 'c:\\xampp\\apache\\bin\\httpd.exe -d C:/xampp/apache'
[Thu Apr 27 21:41:17.039084 2023] [mpm_winnt:notice] [pid 14232:tid 364] AH00418: Parent: Created child process 20220
[Thu Apr 27 21:41:17.503093 2023] [ssl:warn] [pid 20220:tid 388] AH01909: www.example.com:443:0 server certificate does NOT include an ID which matches the server name
[Thu Apr 27 21:41:17.570211 2023] [ssl:warn] [pid 20220:tid 388] AH01909: www.example.com:443:0 server certificate does NOT include an ID which matches the server name
[Thu Apr 27 21:41:17.618367 2023] [mpm_winnt:notice] [pid 20220:tid 388] AH00354: Child: Starting 150 worker threads.
[Thu Apr 27 21:44:28.013931 2023] [ssl:warn] [pid 22756:tid 392] AH01909: www.example.com:443:0 server certificate does NOT include an ID which matches the server name
[Thu Apr 27 21:44:28.077161 2023] [core:warn] [pid 22756:tid 392] AH00098: pid file C:/xampp/apache/logs/httpd.pid overwritten -- Unclean shutdown of previous Apache run?
[Thu Apr 27 21:44:28.081174 2023] [ssl:warn] [pid 22756:tid 392] AH01909: www.example.com:443:0 server certificate does NOT include an ID which matches the server name
[Thu Apr 27 21:44:28.121170 2023] [mpm_winnt:notice] [pid 22756:tid 392] AH00455: Apache/2.4.56 (Win64) OpenSSL/1.1.1t PHP/8.2.4 configured -- resuming normal operations
[Thu Apr 27 21:44:28.122168 2023] [mpm_winnt:notice] [pid 22756:tid 392] AH00456: Apache Lounge VS16 Server built: Mar  7 2023 13:21:03
[Thu Apr 27 21:44:28.122168 2023] [core:notice] [pid 22756:tid 392] AH00094: Command line: 'c:\\xampp\\apache\\bin\\httpd.exe -d C:/xampp/apache'
[Thu Apr 27 21:44:28.130181 2023] [mpm_winnt:notice] [pid 22756:tid 392] AH00418: Parent: Created child process 19656
[Thu Apr 27 21:44:28.583151 2023] [ssl:warn] [pid 19656:tid 360] AH01909: www.example.com:443:0 server certificate does NOT include an ID which matches the server name
[Thu Apr 27 21:44:28.640418 2023] [ssl:warn] [pid 19656:tid 360] AH01909: www.example.com:443:0 server certificate does NOT include an ID which matches the server name
[Thu Apr 27 21:44:28.683169 2023] [mpm_winnt:notice] [pid 19656:tid 360] AH00354: Child: Starting 150 worker threads.
[Thu Apr 27 22:08:34.365489 2023] [php:warn] [pid 19656:tid 1892] [client ::1:59940] PHP Warning:  Undefined array key "repest_password" in C:\\xampp\\htdocs\\login\\registration.php on line 19, referer: http://localhost/login/registration.php
[Thu Apr 27 22:08:34.366514 2023] [php:warn] [pid 19656:tid 1892] [client ::1:59940] PHP Warning:  Undefined variable $errors in C:\\xampp\\htdocs\\login\\registration.php on line 33, referer: http://localhost/login/registration.php
[Thu Apr 27 22:08:34.366514 2023] [php:error] [pid 19656:tid 1892] [client ::1:59940] PHP Fatal error:  Uncaught TypeError: count(): Argument #1 ($value) must be of type Countable|array, null given in C:\\xampp\\htdocs\\login\\registration.php:33\nStack trace:\n#0 {main}\n  thrown in C:\\xampp\\htdocs\\login\\registration.php on line 33, referer: http://localhost/login/registration.php
[Thu Apr 27 22:09:10.134025 2023] [php:warn] [pid 19656:tid 1896] [client ::1:59941] PHP Warning:  Undefined variable $errors in C:\\xampp\\htdocs\\login\\registration.php on line 33, referer: http://localhost/login/registration.php
[Thu Apr 27 22:09:10.134025 2023] [php:error] [pid 19656:tid 1896] [client ::1:59941] PHP Fatal error:  Uncaught TypeError: count(): Argument #1 ($value) must be of type Countable|array, null given in C:\\xampp\\htdocs\\login\\registration.php:33\nStack trace:\n#0 {main}\n  thrown in C:\\xampp\\htdocs\\login\\registration.php on line 33, referer: http://localhost/login/registration.php
[Thu Apr 27 22:09:37.039763 2023] [php:warn] [pid 19656:tid 1892] [client ::1:59944] PHP Warning:  Undefined variable $errors in C:\\xampp\\htdocs\\login\\registration.php on line 33, referer: http://localhost/login/registration.php
[Thu Apr 27 22:09:37.039763 2023] [php:error] [pid 19656:tid 1892] [client ::1:59944] PHP Fatal error:  Uncaught TypeError: count(): Argument #1 ($value) must be of type Countable|array, null given in C:\\xampp\\htdocs\\login\\registration.php:33\nStack trace:\n#0 {main}\n  thrown in C:\\xampp\\htdocs\\login\\registration.php on line 33, referer: http://localhost/login/registration.php
[Thu Apr 27 22:09:44.840186 2023] [php:warn] [pid 19656:tid 1896] [client ::1:59953] PHP Warning:  Undefined variable $errors in C:\\xampp\\htdocs\\login\\registration.php on line 33, referer: http://localhost/login/registration.php
[Thu Apr 27 22:09:44.840186 2023] [php:error] [pid 19656:tid 1896] [client ::1:59953] PHP Fatal error:  Uncaught TypeError: count(): Argument #1 ($value) must be of type Countable|array, null given in C:\\xampp\\htdocs\\login\\registration.php:33\nStack trace:\n#0 {main}\n  thrown in C:\\xampp\\htdocs\\login\\registration.php on line 33, referer: http://localhost/login/registration.php
[Thu Apr 27 22:18:46.639399 2023] [php:warn] [pid 19656:tid 1896] [client ::1:59967] PHP Warning:  require_once(database.php): Failed to open stream: No such file or directory in C:\\xampp\\htdocs\\login\\registration.php on line 43, referer: http://localhost/login/registration.php
[Thu Apr 27 22:18:46.639399 2023] [php:error] [pid 19656:tid 1896] [client ::1:59967] PHP Fatal error:  Uncaught Error: Failed opening required 'database.php' (include_path='C:\\xampp\\php\\PEAR') in C:\\xampp\\htdocs\\login\\registration.php:43\nStack trace:\n#0 {main}\n  thrown in C:\\xampp\\htdocs\\login\\registration.php on line 43, referer: http://localhost/login/registration.php
[Thu Apr 27 22:19:56.841442 2023] [php:error] [pid 19656:tid 1892] [client ::1:59972] PHP Fatal error:  Uncaught mysqli_sql_exception: Unknown database 'logins' in C:\\xampp\\htdocs\\login\\databse.php:6\nStack trace:\n#0 C:\\xampp\\htdocs\\login\\databse.php(6): mysqli_connect('localhost', 'root', Object(SensitiveParameterValue), 'logins')\n#1 C:\\xampp\\htdocs\\login\\registration.php(43): require_once('C:\\\\xampp\\\\htdocs...')\n#2 {main}\n  thrown in C:\\xampp\\htdocs\\login\\databse.php on line 6, referer: http://localhost/login/registration.php
[Thu Apr 27 22:31:30.924600 2023] [php:warn] [pid 19656:tid 1880] [client ::1:58032] PHP Warning:  require_once(database.php): Failed to open stream: No such file or directory in C:\\xampp\\htdocs\\login\\registration.php on line 38, referer: http://localhost/login/registration.php
[Thu Apr 27 22:31:30.924600 2023] [php:error] [pid 19656:tid 1880] [client ::1:58032] PHP Fatal error:  Uncaught Error: Failed opening required 'database.php' (include_path='C:\\xampp\\php\\PEAR') in C:\\xampp\\htdocs\\login\\registration.php:38\nStack trace:\n#0 {main}\n  thrown in C:\\xampp\\htdocs\\login\\registration.php on line 38, referer: http://localhost/login/registration.php
[Thu Apr 27 22:34:43.097382 2023] [php:warn] [pid 19656:tid 1908] [client ::1:58047] PHP Warning:  Undefined array key "fullname" in C:\\xampp\\htdocs\\login\\registration.php on line 16, referer: http://localhost/login/login.php
[Thu Apr 27 22:34:43.097382 2023] [php:warn] [pid 19656:tid 1908] [client ::1:58047] PHP Warning:  Undefined array key "email" in C:\\xampp\\htdocs\\login\\registration.php on line 17, referer: http://localhost/login/login.php
[Thu Apr 27 22:34:43.097382 2023] [php:warn] [pid 19656:tid 1908] [client ::1:58047] PHP Warning:  Undefined array key "password" in C:\\xampp\\htdocs\\login\\registration.php on line 18, referer: http://localhost/login/login.php
[Thu Apr 27 22:34:43.098627 2023] [php:warn] [pid 19656:tid 1908] [client ::1:58047] PHP Warning:  Undefined array key "repeat_password" in C:\\xampp\\htdocs\\login\\registration.php on line 19, referer: http://localhost/login/login.php
[Thu Apr 27 22:35:46.325216 2023] [php:error] [pid 19656:tid 1880] [client ::1:58052] PHP Parse error:  syntax error, unexpected token "{" in C:\\xampp\\htdocs\\login\\registration.php on line 15, referer: http://localhost/login/login.php
[Thu Apr 27 22:35:48.018681 2023] [php:error] [pid 19656:tid 1880] [client ::1:58052] PHP Parse error:  syntax error, unexpected token "{" in C:\\xampp\\htdocs\\login\\registration.php on line 15, referer: http://localhost/login/login.php
[Thu Apr 27 22:37:25.277727 2023] [php:notice] [pid 19656:tid 1908] [client ::1:58060] PHP Notice:  session_start(): Ignoring session_start() because a session is already active in C:\\xampp\\htdocs\\login\\login-register-main\\login.php on line 29, referer: http://localhost/login/login-register-main/login.php
