2023-04-27 21:41:17 0 [Note] Starting MariaDB 10.4.28-MariaDB source revision c8f2e9a5c0ac5905f28b050b7df5a9ffd914b7e7 as process 7628
2023-04-27 21:41:17 0 [Note] InnoDB: Mutexes and rw_locks use Windows interlocked functions
2023-04-27 21:41:17 0 [Note] InnoDB: Uses event mutexes
2023-04-27 21:41:17 0 [Note] InnoDB: Compressed tables use zlib 1.2.12
2023-04-27 21:41:17 0 [Note] InnoDB: Number of pools: 1
2023-04-27 21:41:17 0 [Note] InnoDB: Using SSE2 crc32 instructions
2023-04-27 21:41:17 0 [Note] InnoDB: Initializing buffer pool, total size = 16M, instances = 1, chunk size = 16M
2023-04-27 21:41:17 0 [Note] InnoDB: Completed initialization of buffer pool
2023-04-27 21:41:17 0 [Note] InnoDB: Starting crash recovery from checkpoint LSN=300288
2023-04-27 21:41:17 0 [Note] InnoDB: 128 out of 128 rollback segments are active.
2023-04-27 21:41:17 0 [Note] InnoDB: Removed temporary tablespace data file: "ibtmp1"
2023-04-27 21:41:17 0 [Note] InnoDB: Creating shared tablespace for temporary tables
2023-04-27 21:41:17 0 [Note] InnoDB: Setting file 'C:\xampp\mysql\data\ibtmp1' size to 12 MB. Physically writing the file full; Please wait ...
2023-04-27 21:41:17 0 [Note] InnoDB: File 'C:\xampp\mysql\data\ibtmp1' size is now 12 MB.
2023-04-27 21:41:17 0 [Note] InnoDB: Waiting for purge to start
2023-04-27 21:41:17 0 [Note] InnoDB: 10.4.28 started; log sequence number 300297; transaction id 170
2023-04-27 21:41:17 0 [Note] InnoDB: Loading buffer pool(s) from C:\xampp\mysql\data\ib_buffer_pool
2023-04-27 21:41:17 0 [Note] Plugin 'FEEDBACK' is disabled.
2023-04-27 21:41:17 0 [Note] Server socket created on IP: '::'.
2023-04-27 21:41:17 0 [Note] InnoDB: Buffer pool(s) load completed at 230427 21:41:17
2023-04-27 21:41:17 0 [ERROR] Can't start server: Bind on TCP/IP port. Got error: 10048: Only one usage of each socket address (protocol/network address/port) is normally permitted.

2023-04-27 21:41:17 0 [ERROR] Do you already have another mysqld server running on port: 3306 ?
2023-04-27 21:41:17 0 [ERROR] Aborting
2023-04-27 21:43:16 0 [Note] Starting MariaDB 10.4.28-MariaDB source revision c8f2e9a5c0ac5905f28b050b7df5a9ffd914b7e7 as process 20744
2023-04-27 21:43:16 0 [Note] InnoDB: Mutexes and rw_locks use Windows interlocked functions
2023-04-27 21:43:16 0 [Note] InnoDB: Uses event mutexes
2023-04-27 21:43:16 0 [Note] InnoDB: Compressed tables use zlib 1.2.12
2023-04-27 21:43:16 0 [Note] InnoDB: Number of pools: 1
2023-04-27 21:43:16 0 [Note] InnoDB: Using SSE2 crc32 instructions
2023-04-27 21:43:16 0 [Note] InnoDB: Initializing buffer pool, total size = 16M, instances = 1, chunk size = 16M
2023-04-27 21:43:16 0 [Note] InnoDB: Completed initialization of buffer pool
2023-04-27 21:43:17 0 [Note] InnoDB: 128 out of 128 rollback segments are active.
2023-04-27 21:43:17 0 [Note] InnoDB: Creating shared tablespace for temporary tables
2023-04-27 21:43:17 0 [Note] InnoDB: Setting file 'C:\xampp\mysql\data\ibtmp1' size to 12 MB. Physically writing the file full; Please wait ...
2023-04-27 21:43:17 0 [Note] InnoDB: File 'C:\xampp\mysql\data\ibtmp1' size is now 12 MB.
2023-04-27 21:43:17 0 [Note] InnoDB: Waiting for purge to start
2023-04-27 21:43:17 0 [Note] InnoDB: 10.4.28 started; log sequence number 300306; transaction id 170
2023-04-27 21:43:17 0 [Note] InnoDB: Loading buffer pool(s) from C:\xampp\mysql\data\ib_buffer_pool
2023-04-27 21:43:17 0 [Note] Plugin 'FEEDBACK' is disabled.
2023-04-27 21:43:17 0 [Note] Server socket created on IP: '::'.
2023-04-27 21:43:17 0 [ERROR] Can't start server: Bind on TCP/IP port. Got error: 10048: Only one usage of each socket address (protocol/network address/port) is normally permitted.

2023-04-27 21:43:17 0 [ERROR] Do you already have another mysqld server running on port: 3306 ?
2023-04-27 21:43:17 0 [Note] InnoDB: Buffer pool(s) load completed at 230427 21:43:17
2023-04-27 21:43:17 0 [ERROR] Aborting
2023-04-27 21:44:29 0 [Note] Starting MariaDB 10.4.28-MariaDB source revision c8f2e9a5c0ac5905f28b050b7df5a9ffd914b7e7 as process 20892
2023-04-27 21:44:29 0 [Note] InnoDB: Mutexes and rw_locks use Windows interlocked functions
2023-04-27 21:44:29 0 [Note] InnoDB: Uses event mutexes
2023-04-27 21:44:29 0 [Note] InnoDB: Compressed tables use zlib 1.2.12
2023-04-27 21:44:29 0 [Note] InnoDB: Number of pools: 1
2023-04-27 21:44:29 0 [Note] InnoDB: Using SSE2 crc32 instructions
2023-04-27 21:44:29 0 [Note] InnoDB: Initializing buffer pool, total size = 16M, instances = 1, chunk size = 16M
2023-04-27 21:44:29 0 [Note] InnoDB: Completed initialization of buffer pool
2023-04-27 21:44:29 0 [Note] InnoDB: 128 out of 128 rollback segments are active.
2023-04-27 21:44:29 0 [Note] InnoDB: Creating shared tablespace for temporary tables
2023-04-27 21:44:29 0 [Note] InnoDB: Setting file 'C:\xampp\mysql\data\ibtmp1' size to 12 MB. Physically writing the file full; Please wait ...
2023-04-27 21:44:29 0 [Note] InnoDB: File 'C:\xampp\mysql\data\ibtmp1' size is now 12 MB.
2023-04-27 21:44:29 0 [Note] InnoDB: Waiting for purge to start
2023-04-27 21:44:29 0 [Note] InnoDB: 10.4.28 started; log sequence number 300315; transaction id 170
2023-04-27 21:44:29 0 [Note] InnoDB: Loading buffer pool(s) from C:\xampp\mysql\data\ib_buffer_pool
2023-04-27 21:44:29 0 [Note] Plugin 'FEEDBACK' is disabled.
2023-04-27 21:44:29 0 [Note] Server socket created on IP: '::'.
2023-04-27 21:44:29 0 [ERROR] Can't start server: Bind on TCP/IP port. Got error: 10048: Only one usage of each socket address (protocol/network address/port) is normally permitted.

2023-04-27 21:44:29 0 [ERROR] Do you already have another mysqld server running on port: 3306 ?
2023-04-27 21:44:29 0 [Note] InnoDB: Buffer pool(s) load completed at 230427 21:44:29
2023-04-27 21:44:29 0 [ERROR] Aborting
2023-04-27 21:44:54 0 [Note] Starting MariaDB 10.4.28-MariaDB source revision c8f2e9a5c0ac5905f28b050b7df5a9ffd914b7e7 as process 24220
2023-04-27 21:44:54 0 [Note] InnoDB: Mutexes and rw_locks use Windows interlocked functions
2023-04-27 21:44:54 0 [Note] InnoDB: Uses event mutexes
2023-04-27 21:44:54 0 [Note] InnoDB: Compressed tables use zlib 1.2.12
2023-04-27 21:44:54 0 [Note] InnoDB: Number of pools: 1
2023-04-27 21:44:54 0 [Note] InnoDB: Using SSE2 crc32 instructions
2023-04-27 21:44:54 0 [Note] InnoDB: Initializing buffer pool, total size = 16M, instances = 1, chunk size = 16M
2023-04-27 21:44:54 0 [Note] InnoDB: Completed initialization of buffer pool
2023-04-27 21:44:54 0 [Note] InnoDB: 128 out of 128 rollback segments are active.
2023-04-27 21:44:54 0 [Note] InnoDB: Creating shared tablespace for temporary tables
2023-04-27 21:44:54 0 [Note] InnoDB: Setting file 'C:\xampp\mysql\data\ibtmp1' size to 12 MB. Physically writing the file full; Please wait ...
2023-04-27 21:44:54 0 [Note] InnoDB: File 'C:\xampp\mysql\data\ibtmp1' size is now 12 MB.
2023-04-27 21:44:54 0 [Note] InnoDB: Waiting for purge to start
2023-04-27 21:44:54 0 [Note] InnoDB: 10.4.28 started; log sequence number 300324; transaction id 170
2023-04-27 21:44:54 0 [Note] InnoDB: Loading buffer pool(s) from C:\xampp\mysql\data\ib_buffer_pool
2023-04-27 21:44:54 0 [Note] Plugin 'FEEDBACK' is disabled.
2023-04-27 21:44:54 0 [Note] Server socket created on IP: '::'.
2023-04-27 21:44:54 0 [ERROR] Can't start server: Bind on TCP/IP port. Got error: 10048: Only one usage of each socket address (protocol/network address/port) is normally permitted.

2023-04-27 21:44:54 0 [ERROR] Do you already have another mysqld server running on port: 3306 ?
2023-04-27 21:44:54 0 [Note] InnoDB: Buffer pool(s) load completed at 230427 21:44:54
2023-04-27 21:44:54 0 [ERROR] Aborting
2023-04-27 21:45:42 0 [Note] Starting MariaDB 10.4.28-MariaDB source revision c8f2e9a5c0ac5905f28b050b7df5a9ffd914b7e7 as process 22516
2023-04-27 21:45:42 0 [Note] InnoDB: Mutexes and rw_locks use Windows interlocked functions
2023-04-27 21:45:42 0 [Note] InnoDB: Uses event mutexes
2023-04-27 21:45:42 0 [Note] InnoDB: Compressed tables use zlib 1.2.12
2023-04-27 21:45:42 0 [Note] InnoDB: Number of pools: 1
2023-04-27 21:45:42 0 [Note] InnoDB: Using SSE2 crc32 instructions
2023-04-27 21:45:42 0 [Note] InnoDB: Initializing buffer pool, total size = 16M, instances = 1, chunk size = 16M
2023-04-27 21:45:42 0 [Note] InnoDB: Completed initialization of buffer pool
2023-04-27 21:45:42 0 [Note] InnoDB: 128 out of 128 rollback segments are active.
2023-04-27 21:45:42 0 [Note] InnoDB: Creating shared tablespace for temporary tables
2023-04-27 21:45:42 0 [Note] InnoDB: Setting file 'C:\xampp\mysql\data\ibtmp1' size to 12 MB. Physically writing the file full; Please wait ...
2023-04-27 21:45:42 0 [Note] InnoDB: File 'C:\xampp\mysql\data\ibtmp1' size is now 12 MB.
2023-04-27 21:45:42 0 [Note] InnoDB: Waiting for purge to start
2023-04-27 21:45:42 0 [Note] InnoDB: 10.4.28 started; log sequence number 300333; transaction id 170
2023-04-27 21:45:42 0 [Note] InnoDB: Loading buffer pool(s) from C:\xampp\mysql\data\ib_buffer_pool
2023-04-27 21:45:42 0 [Note] Plugin 'FEEDBACK' is disabled.
2023-04-27 21:45:42 0 [Note] Server socket created on IP: '::'.
